<?xml version="1.0" encoding="UTF-8"?>
<testng-results ignored="0" total="1" passed="1" failed="0" skipped="0">
  <reporter-output>
  </reporter-output>
  <suite started-at="2019-08-16T07:11:36Z" name="Suite" finished-at="2019-08-16T07:11:46Z" duration-ms="9923">
    <groups>
    </groups>
    <test started-at="2019-08-16T07:11:36Z" name="Test" finished-at="2019-08-16T07:11:46Z" duration-ms="9923">
      <class name="micro.Bio">
        <test-method signature="execute()[pri:0, instance:micro.Bio@14ec4505]" started-at="2019-08-16T07:11:36Z" name="execute" finished-at="2019-08-16T07:11:46Z" duration-ms="9829" status="PASS">
          <reporter-output>
          </reporter-output>
        </test-method> <!-- execute -->
      </class> <!-- micro.Bio -->
    </test> <!-- Test -->
  </suite> <!-- Suite -->
</testng-results>
